[2026-06-12T01:16:58.401+0000] {manager.py:470} INFO - Processing files using up to 2 processes at a time 
[2026-06-12T01:16:58.401+0000] {manager.py:471} INFO - Process each file at most once every 30 seconds
[2026-06-12T01:16:58.401+0000] {manager.py:472} INFO - Checking for new files in /opt/airflow/dags every 300 seconds
[2026-06-12T01:16:58.402+0000] {manager.py:737} INFO - Searching for files in /opt/airflow/dags
[2026-06-12T01:16:58.402+0000] {manager.py:740} INFO - There are 0 files in /opt/airflow/dags
[2026-06-12T01:22:01.724+0000] {manager.py:737} INFO - Searching for files in /opt/airflow/dags
[2026-06-12T01:22:01.731+0000] {manager.py:740} INFO - There are 0 files in /opt/airflow/dags
[2026-06-12T01:27:01.754+0000] {manager.py:737} INFO - Searching for files in /opt/airflow/dags
[2026-06-12T01:27:01.756+0000] {manager.py:740} INFO - There are 0 files in /opt/airflow/dags
[2026-06-12T01:32:17.175+0000] {manager.py:737} INFO - Searching for files in /opt/airflow/dags
[2026-06-12T01:32:17.177+0000] {manager.py:740} INFO - There are 0 files in /opt/airflow/dags
[2026-06-12T01:37:17.335+0000] {manager.py:737} INFO - Searching for files in /opt/airflow/dags
[2026-06-12T01:37:17.336+0000] {manager.py:740} INFO - There are 0 files in /opt/airflow/dags
[2026-06-12T01:42:18.462+0000] {manager.py:737} INFO - Searching for files in /opt/airflow/dags
[2026-06-12T01:42:18.464+0000] {manager.py:740} INFO - There are 0 files in /opt/airflow/dags
[2026-06-12T01:47:28.889+0000] {manager.py:737} INFO - Searching for files in /opt/airflow/dags
[2026-06-12T01:47:28.891+0000] {manager.py:740} INFO - There are 0 files in /opt/airflow/dags
[2026-06-12T01:52:29.056+0000] {manager.py:737} INFO - Searching for files in /opt/airflow/dags
[2026-06-12T01:52:29.057+0000] {manager.py:740} INFO - There are 0 files in /opt/airflow/dags
[2026-06-12T01:57:30.090+0000] {manager.py:737} INFO - Searching for files in /opt/airflow/dags
[2026-06-12T01:57:30.101+0000] {manager.py:740} INFO - There are 0 files in /opt/airflow/dags
[2026-06-21T15:41:27.558+0000] {manager.py:470} INFO - Processing files using up to 2 processes at a time 
[2026-06-21T15:41:27.560+0000] {manager.py:471} INFO - Process each file at most once every 30 seconds
[2026-06-21T15:41:27.560+0000] {manager.py:472} INFO - Checking for new files in /opt/airflow/dags every 300 seconds
[2026-06-21T15:41:27.560+0000] {manager.py:737} INFO - Searching for files in /opt/airflow/dags
[2026-06-21T15:41:27.561+0000] {manager.py:740} INFO - There are 0 files in /opt/airflow/dags
[2026-06-21T15:46:28.415+0000] {manager.py:737} INFO - Searching for files in /opt/airflow/dags
[2026-06-21T15:46:28.416+0000] {manager.py:740} INFO - There are 0 files in /opt/airflow/dags
[2026-06-21T15:51:28.458+0000] {manager.py:737} INFO - Searching for files in /opt/airflow/dags
[2026-06-21T15:51:28.461+0000] {manager.py:740} INFO - There are 0 files in /opt/airflow/dags
[2026-06-21T15:56:29.391+0000] {manager.py:737} INFO - Searching for files in /opt/airflow/dags
[2026-06-21T15:56:29.392+0000] {manager.py:740} INFO - There are 0 files in /opt/airflow/dags
[2026-06-21T16:01:29.409+0000] {manager.py:737} INFO - Searching for files in /opt/airflow/dags
[2026-06-21T16:01:29.411+0000] {manager.py:740} INFO - There are 0 files in /opt/airflow/dags
[2026-06-21T16:06:30.368+0000] {manager.py:737} INFO - Searching for files in /opt/airflow/dags
[2026-06-21T16:06:30.370+0000] {manager.py:740} INFO - There are 0 files in /opt/airflow/dags
[2026-06-21T16:11:30.380+0000] {manager.py:737} INFO - Searching for files in /opt/airflow/dags
[2026-06-21T16:11:30.381+0000] {manager.py:740} INFO - There are 0 files in /opt/airflow/dags
[2026-06-21T16:16:30.439+0000] {manager.py:737} INFO - Searching for files in /opt/airflow/dags
[2026-06-21T16:16:30.439+0000] {manager.py:740} INFO - There are 0 files in /opt/airflow/dags
[2026-06-21T16:21:31.362+0000] {manager.py:737} INFO - Searching for files in /opt/airflow/dags
[2026-06-21T16:21:31.364+0000] {manager.py:740} INFO - There are 0 files in /opt/airflow/dags
[2026-06-21T16:26:32.358+0000] {manager.py:737} INFO - Searching for files in /opt/airflow/dags
[2026-06-21T16:26:32.360+0000] {manager.py:740} INFO - There are 0 files in /opt/airflow/dags
[2026-06-21T16:28:29.481+0000] {manager.py:452} INFO - Exiting gracefully upon receiving signal 15
